\BOOKMARK [1][-]{section*.1}{}{}% 1
\BOOKMARK [1][-]{section*.2}{\376\377\000I\000n\000t\000r\000o\000d\000u\000c\000t\000i\000o\000n\000\040\000a\000n\000d\000\040\000G\000o\000a\000l\000s}{}% 2
\BOOKMARK [2][-]{section*.3}{\376\377\000R\000e\000q\000u\000i\000r\000e\000m\000e\000n\000t\000s\000\040\000O\000v\000e\000r\000v\000i\000e\000w}{section*.2}% 3
\BOOKMARK [2][-]{section*.4}{\376\377\000Q\000u\000a\000l\000i\000t\000y\000\040\000G\000o\000a\000l\000s}{section*.2}% 4
\BOOKMARK [2][-]{section*.5}{\376\377\000S\000t\000a\000k\000e\000h\000o\000l\000d\000e\000r\000s}{section*.2}% 5
\BOOKMARK [1][-]{section*.6}{\376\377\000A\000r\000c\000h\000i\000t\000e\000c\000t\000u\000r\000e\000\040\000C\000o\000n\000s\000t\000r\000a\000i\000n\000t\000s}{}% 6
\BOOKMARK [1][-]{section*.7}{\376\377\000S\000y\000s\000t\000e\000m\000\040\000S\000c\000o\000p\000e\000\040\000a\000n\000d\000\040\000C\000o\000n\000t\000e\000x\000t}{}% 7
\BOOKMARK [2][-]{section*.8}{\376\377\000B\000u\000s\000i\000n\000e\000s\000s\000\040\000C\000o\000n\000t\000e\000x\000t}{section*.7}% 8
\BOOKMARK [2][-]{section*.9}{\376\377\000T\000e\000c\000h\000n\000i\000c\000a\000l\000\040\000C\000o\000n\000t\000e\000x\000t}{section*.7}% 9
\BOOKMARK [1][-]{section*.10}{\376\377\000S\000o\000l\000u\000t\000i\000o\000n\000\040\000S\000t\000r\000a\000t\000e\000g\000y}{}% 10
\BOOKMARK [1][-]{section*.11}{\376\377\000B\000u\000i\000l\000d\000i\000n\000g\000\040\000B\000l\000o\000c\000k\000\040\000V\000i\000e\000w}{}% 11
\BOOKMARK [2][-]{section*.12}{\376\377\000W\000h\000i\000t\000e\000b\000o\000x\000\040\000O\000v\000e\000r\000a\000l\000l\000\040\000S\000y\000s\000t\000e\000m}{section*.11}% 12
\BOOKMARK [3][-]{section*.13}{\376\377\000<\000N\000a\000m\000e\000\040\000b\000l\000a\000c\000k\000\040\000b\000o\000x\000\040\0001\000>}{section*.12}% 13
\BOOKMARK [3][-]{section*.14}{\376\377\000<\000N\000a\000m\000e\000\040\000b\000l\000a\000c\000k\000\040\000b\000o\000x\000\040\0002\000>}{section*.12}% 14
\BOOKMARK [3][-]{section*.15}{\376\377\000<\000N\000a\000m\000e\000\040\000b\000l\000a\000c\000k\000\040\000b\000o\000x\000\040\000n\000>}{section*.12}% 15
\BOOKMARK [3][-]{section*.16}{\376\377\000<\000N\000a\000m\000e\000\040\000i\000n\000t\000e\000r\000f\000a\000c\000e\000\040\0001\000>}{section*.12}% 16
\BOOKMARK [3][-]{section*.17}{\376\377\000<\000N\000a\000m\000e\000\040\000i\000n\000t\000e\000r\000f\000a\000c\000e\000\040\000m\000>}{section*.12}% 17
\BOOKMARK [2][-]{section*.18}{\376\377\000L\000e\000v\000e\000l\000\040\0002}{section*.11}% 18
\BOOKMARK [3][-]{section*.19}{\376\377\000W\000h\000i\000t\000e\000\040\000B\000o\000x\000\040\000<\000b\000u\000i\000l\000d\000i\000n\000g\000\040\000b\000l\000o\000c\000k\000\040\0001\000>}{section*.18}% 19
\BOOKMARK [3][-]{section*.20}{\376\377\000W\000h\000i\000t\000e\000\040\000B\000o\000x\000\040\000<\000b\000u\000i\000l\000d\000i\000n\000g\000\040\000b\000l\000o\000c\000k\000\040\0002\000>}{section*.18}% 20
\BOOKMARK [3][-]{section*.21}{\376\377\000W\000h\000i\000t\000e\000\040\000B\000o\000x\000\040\000<\000b\000u\000i\000l\000d\000i\000n\000g\000\040\000b\000l\000o\000c\000k\000\040\000m\000>}{section*.18}% 21
\BOOKMARK [2][-]{section*.22}{\376\377\000L\000e\000v\000e\000l\000\040\0003}{section*.11}% 22
\BOOKMARK [3][-]{section*.23}{\376\377\000W\000h\000i\000t\000e\000\040\000B\000o\000x\000\040\000<\000\137\000b\000u\000i\000l\000d\000i\000n\000g\000\040\000b\000l\000o\000c\000k\000\040\000x\000.\0001\000\137\000>}{section*.22}% 23
\BOOKMARK [3][-]{section*.24}{\376\377\000W\000h\000i\000t\000e\000\040\000B\000o\000x\000\040\000<\000\137\000b\000u\000i\000l\000d\000i\000n\000g\000\040\000b\000l\000o\000c\000k\000\040\000x\000.\0002\000\137\000>}{section*.22}% 24
\BOOKMARK [3][-]{section*.25}{\376\377\000W\000h\000i\000t\000e\000\040\000B\000o\000x\000\040\000<\000\137\000b\000u\000i\000l\000d\000i\000n\000g\000\040\000b\000l\000o\000c\000k\000\040\000y\000.\0001\000\137\000>}{section*.22}% 25
\BOOKMARK [1][-]{section*.26}{\376\377\000R\000u\000n\000t\000i\000m\000e\000\040\000V\000i\000e\000w}{}% 26
\BOOKMARK [2][-]{section*.27}{\376\377\000<\000R\000u\000n\000t\000i\000m\000e\000\040\000S\000c\000e\000n\000a\000r\000i\000o\000\040\0001\000>}{section*.26}% 27
\BOOKMARK [2][-]{section*.28}{\376\377\000<\000R\000u\000n\000t\000i\000m\000e\000\040\000S\000c\000e\000n\000a\000r\000i\000o\000\040\0002\000>}{section*.26}% 28
\BOOKMARK [2][-]{section*.29}{\376\377\040\046}{section*.26}% 29
\BOOKMARK [2][-]{section*.30}{\376\377\000<\000R\000u\000n\000t\000i\000m\000e\000\040\000S\000c\000e\000n\000a\000r\000i\000o\000\040\000n\000>}{section*.26}% 30
\BOOKMARK [1][-]{section*.31}{\376\377\000D\000e\000p\000l\000o\000y\000m\000e\000n\000t\000\040\000V\000i\000e\000w}{}% 31
\BOOKMARK [2][-]{section*.32}{\376\377\000I\000n\000f\000r\000a\000s\000t\000r\000u\000c\000t\000u\000r\000e\000\040\000L\000e\000v\000e\000l\000\040\0001}{section*.31}% 32
\BOOKMARK [2][-]{section*.33}{\376\377\000I\000n\000f\000r\000a\000s\000t\000r\000u\000c\000t\000u\000r\000e\000\040\000L\000e\000v\000e\000l\000\040\0002}{section*.31}% 33
\BOOKMARK [3][-]{section*.34}{\376\377\000<\000I\000n\000f\000r\000a\000s\000t\000r\000u\000c\000t\000u\000r\000e\000\040\000E\000l\000e\000m\000e\000n\000t\000\040\0001\000>}{section*.33}% 34
\BOOKMARK [3][-]{section*.35}{\376\377\000<\000I\000n\000f\000r\000a\000s\000t\000r\000u\000c\000t\000u\000r\000e\000\040\000E\000l\000e\000m\000e\000n\000t\000\040\0002\000>}{section*.33}% 35
\BOOKMARK [3][-]{section*.36}{\376\377\000<\000I\000n\000f\000r\000a\000s\000t\000r\000u\000c\000t\000u\000r\000e\000\040\000E\000l\000e\000m\000e\000n\000t\000\040\000n\000>}{section*.33}% 36
\BOOKMARK [1][-]{section*.37}{\376\377\000C\000r\000o\000s\000s\000-\000c\000u\000t\000t\000i\000n\000g\000\040\000C\000o\000n\000c\000e\000p\000t\000s}{}% 37
\BOOKMARK [2][-]{section*.38}{\376\377\000<\000C\000o\000n\000c\000e\000p\000t\000\040\0001\000>}{section*.37}% 38
\BOOKMARK [2][-]{section*.39}{\376\377\000<\000C\000o\000n\000c\000e\000p\000t\000\040\0002\000>}{section*.37}% 39
\BOOKMARK [2][-]{section*.40}{\376\377\000<\000C\000o\000n\000c\000e\000p\000t\000\040\000n\000>}{section*.37}% 40
\BOOKMARK [1][-]{section*.41}{\376\377\000D\000e\000s\000i\000g\000n\000\040\000D\000e\000c\000i\000s\000i\000o\000n\000s}{}% 41
\BOOKMARK [1][-]{section*.42}{\376\377\000Q\000u\000a\000l\000i\000t\000y\000\040\000R\000e\000q\000u\000i\000r\000e\000m\000e\000n\000t\000s}{}% 42
\BOOKMARK [2][-]{section*.43}{\376\377\000Q\000u\000a\000l\000i\000t\000y\000\040\000T\000r\000e\000e}{section*.42}% 43
\BOOKMARK [2][-]{section*.44}{\376\377\000Q\000u\000a\000l\000i\000t\000y\000\040\000S\000c\000e\000n\000a\000r\000i\000o\000s}{section*.42}% 44
\BOOKMARK [1][-]{section*.45}{\376\377\000R\000i\000s\000k\000s\000\040\000a\000n\000d\000\040\000T\000e\000c\000h\000n\000i\000c\000a\000l\000\040\000D\000e\000b\000t\000s}{}% 45
\BOOKMARK [1][-]{section*.46}{\376\377\000G\000l\000o\000s\000s\000a\000r\000y}{}% 46
